[0mGET / [32m200 [0m193.263 ms - 9466[0m
[0mGET /js/home_post_comments.js [33m404 [0m17.951 ms - 163[0m
[0mGET /js/toggle_likes.js [33m404 [0m13.057 ms - 157[0m
[0mGET /js/chat_engine.js [33m404 [0m14.144 ms - 156[0m
[0mGET /js/home_posts.js [33m404 [0m20.462 ms - 155[0m
[0mGET /favicon.ico [33m404 [0m5.857 ms - 150[0m
[0mGET /users/profile/617ea9c387ddaf789d064bf9 [36m302 [0m18.501 ms - 72[0m
[0mGET /users/sign-in [32m200 [0m14.697 ms - 2095[0m
[0mGET /users/css/layout.css [33m404 [0m11.213 ms - 159[0m
[0mGET /users/css/header.css [33m404 [0m11.700 ms - 159[0m
[0mGET /users/css/footer.css [33m404 [0m13.286 ms - 159[0m
[0mPOST /users/create-session [36m302 [0m18.951 ms - 46[0m
[0mGET / [32m200 [0m90.273 ms - 13140[0m
[0mGET /js/home_post_comments.js [33m404 [0m30.621 ms - 163[0m
[0mGET /css/layout.css [33m404 [0m26.849 ms - 153[0m
[0mGET /css/header.css [33m404 [0m55.608 ms - 153[0m
[0mGET /css/home.css [33m404 [0m51.660 ms - 151[0m
[0mGET /css/footer.css [33m404 [0m75.519 ms - 153[0m
[0mGET /css/chat_box.css [33m404 [0m75.502 ms - 155[0m
[0mGET /js/toggle_likes.js [33m404 [0m54.777 ms - 157[0m
[0mGET /js/home_posts.js [33m404 [0m58.781 ms - 155[0m
[0mGET /js/chat_engine.js [33m404 [0m32.047 ms - 156[0m
[0mGET /js/toggle_likes.js [33m404 [0m12.105 ms - 157[0m
[0mGET /js/chat_engine.js [33m404 [0m12.798 ms - 156[0m
